id: 31
username: aaron_chang

id: 30
username: sc_juang

id: 29
username: richard_lee

id: 28
username: sean_ling

id: 27
username: cliff_lin

id: 26
username: chiourung_huang

id: 25
username: mark_hsieh

id: 24
username: vincent_chiang

id: 23
username: charlie_chen

id: 22
username: minkang_tsai

id: 21
username: emma_lin

id: 20
username: gord_chen

id: 19
username: ben_chiang

id: 18
username: irene_pan

id: 17
username: peter_yu

id: 16
username: kh_shi

id: 15
username: ezio_chen

id: 14
username: sh_wang

id: 13
username: junying_yeh

id: 12
username: max_chen

